Using pre-set license

 COMMAND LINE ARGUMENTS:
/Applications/Unity/Hub/Editor/2020.2.1f1/Unity.app/Contents/MacOS/Unity
-adb2
-batchMode
-noUpm
-name
AssetImportWorker0
-projectPath
/Users/jasonman/Documents/Final sem/Fyp/cloudanchorDEMO/Bolt sample
-logFile
Logs/AssetImportWorker0.log
-srvPort
56122
Successfully changed project path to: /Users/jasonman/Documents/Final sem/Fyp/cloudanchorDEMO/Bolt sample
/Users/jasonman/Documents/Final sem/Fyp/cloudanchorDEMO/Bolt sample
Using Asset Import Pipeline V2.
Refreshing native plugins compatible for Editor in 21.00 ms, found 1 plugins.
Preloading 0 native plugins for Editor in 0.00 ms.
Initialize engine version: 2020.2.1f1 (270dd8c3da1c)
[Subsystems] Discovering subsystems at path /Applications/Unity/Hub/Editor/2020.2.1f1/Unity.app/Contents/Resources/UnitySubsystems
[Subsystems] Discovering subsystems at path /Users/jasonman/Documents/Final sem/Fyp/cloudanchorDEMO/Bolt sample/Assets
GfxDevice: creating device client; threaded=0
2021-02-23 17:39:57.217 Unity[53981:4754202] (null) preferred device: Apple M1 (high power)
2021-02-23 17:39:57.217 Unity[53981:4754202] Metal devices available: 1
2021-02-23 17:39:57.217 Unity[53981:4754202] 0: Apple M1 (high power)
2021-02-23 17:39:57.217 Unity[53981:4754202] Using device Apple M1 (high power)
Initializing Metal device caps: Apple M1
Initialize mono
Mono path[0] = '/Applications/Unity/Hub/Editor/2020.2.1f1/Unity.app/Contents/Managed'
Mono path[1] = '/Applications/Unity/Hub/Editor/2020.2.1f1/Unity.app/Contents/MonoBleedingEdge/lib/mono/unityjit'
Mono config path = '/Applications/Unity/Hub/Editor/2020.2.1f1/Unity.app/Contents/MonoBleedingEdge/etc'
Using monoOptions --debugger-agent=transport=dt_socket,embedding=1,server=y,suspend=n,address=127.0.0.1:56981
Begin MonoManager ReloadAssembly
Registering precompiled unity dll's ...
Register platform support module: /Applications/Unity/Hub/Editor/2020.2.1f1/Unity.app/Contents/PlaybackEngines/MacStandaloneSupport/UnityEditor.OSXStandalone.Extensions.dll
Registered in 0.000354 seconds.
Native extension for OSXStandalone target not found
Refreshing native plugins compatible for Editor in 20.91 ms, found 1 plugins.
Preloading 0 native plugins for Editor in 0.00 ms.
Invoked RoslynAnalysisRunner static constructor.
RoslynAnalysisRunner will not be running.
RoslynAnalysisRunner has terminated.
Mono: successfully reloaded assembly
- Completed reload, in  2.509 seconds
Platform modules already initialized, skipping
Registering precompiled user dll's ...
Registered in 0.000215 seconds.
Begin MonoManager ReloadAssembly
Native extension for OSXStandalone target not found
Refreshing native plugins compatible for Editor in 0.18 ms, found 1 plugins.
Preloading 0 native plugins for Editor in 0.00 ms.
Invoked RoslynAnalysisRunner static constructor.
RoslynAnalysisRunner will not be running.
RoslynAnalysisRunner has terminated.
Mono: successfully reloaded assembly
- Completed reload, in  1.576 seconds
Platform modules already initialized, skipping
========================================================================
Worker process is ready to serve import requests
Launching external process: /Applications/Unity/Hub/Editor/2020.2.1f1/Unity.app/Contents/Tools/UnityShaderCompiler
Launched and connected shader compiler UnityShaderCompiler after 0.03 seconds
Refreshing native plugins compatible for Editor in 0.17 ms, found 1 plugins.
Preloading 0 native plugins for Editor in 0.00 ms.
Unloading 1094 Unused Serialized files (Serialized files now loaded: 0)
System memory in use before: 110.8 MB.
System memory in use after: 110.9 MB.

Unloading 10 unused Assets to reduce memory usage. Loaded Objects now: 1533.
Total: 1.324875 ms (FindLiveObjects: 0.100292 ms CreateObjectMapping: 0.024666 ms MarkObjects: 1.135125 ms  DeleteObjects: 0.063875 ms)

========================================================================
Received Import Request.
  path: Assets/Scenes
  artifactKey: Guid(f2dcb0179538f4b9da7cfc4f679c1f97) Importer(815301076,1909f56bfc062723c751e8b465ee728b)
Start importing Assets/Scenes using Guid(f2dcb0179538f4b9da7cfc4f679c1f97) Importer(815301076,1909f56bfc062723c751e8b465ee728b)  -> (artifact id: '85fb59e1dc8f13ea124f66b7b8912f0f') in 0.005781 seconds
  Import took 0.007309 seconds .

========================================================================
Received Import Request.
  Time since last request: 6.001413 seconds.
  path: Assets/Scenes/SampleScene.unity
  artifactKey: Guid(9fc0d4010bbf28b4594072e72b8655ab) Importer(815301076,1909f56bfc062723c751e8b465ee728b)
Start importing Assets/Scenes/SampleScene.unity using Guid(9fc0d4010bbf28b4594072e72b8655ab) Importer(815301076,1909f56bfc062723c751e8b465ee728b)  -> (artifact id: '016640421bf54ce873cbc7b610fdb87c') in 0.013415 seconds
  Import took 0.015016 seconds .

========================================================================
Received Prepare
Registering precompiled user dll's ...
Registered in 0.002900 seconds.
Begin MonoManager ReloadAssembly
Symbol file LoadedFromMemory is not a mono symbol file
Native extension for OSXStandalone target not found
Refreshing native plugins compatible for Editor in 0.36 ms, found 1 plugins.
Preloading 0 native plugins for Editor in 0.00 ms.
Invoked RoslynAnalysisRunner static constructor.
RoslynAnalysisRunner will not be running.
RoslynAnalysisRunner has terminated.
Mono: successfully reloaded assembly
- Completed reload, in  1.896 seconds
Platform modules already initialized, skipping
Refreshing native plugins compatible for Editor in 0.35 ms, found 1 plugins.
Preloading 0 native plugins for Editor in 0.00 ms.
Unloading 1137 Unused Serialized files (Serialized files now loaded: 0)
System memory in use before: 123.0 MB.
System memory in use after: 123.1 MB.

Unloading 24 unused Assets to reduce memory usage. Loaded Objects now: 1602.
Total: 1.702667 ms (FindLiveObjects: 0.175125 ms CreateObjectMapping: 0.026000 ms MarkObjects: 1.431375 ms  DeleteObjects: 0.068958 ms)

========================================================================
Received Prepare
Registering precompiled user dll's ...
Registered in 0.002611 seconds.
Begin MonoManager ReloadAssembly
Symbol file LoadedFromMemory is not a mono symbol file
Native extension for OSXStandalone target not found
Refreshing native plugins compatible for Editor in 0.28 ms, found 1 plugins.
Preloading 0 native plugins for Editor in 0.00 ms.
Invoked RoslynAnalysisRunner static constructor.
RoslynAnalysisRunner will not be running.
RoslynAnalysisRunner has terminated.
Mono: successfully reloaded assembly
- Completed reload, in  1.729 seconds
Platform modules already initialized, skipping
Refreshing native plugins compatible for Editor in 0.23 ms, found 1 plugins.
Preloading 0 native plugins for Editor in 0.00 ms.
Unloading 1137 Unused Serialized files (Serialized files now loaded: 0)
System memory in use before: 123.4 MB.
System memory in use after: 123.5 MB.

Unloading 24 unused Assets to reduce memory usage. Loaded Objects now: 1604.
Total: 1.384625 ms (FindLiveObjects: 0.083083 ms CreateObjectMapping: 0.025875 ms MarkObjects: 1.221916 ms  DeleteObjects: 0.053042 ms)

========================================================================
Received Prepare
Registering precompiled user dll's ...
Registered in 0.002997 seconds.
Begin MonoManager ReloadAssembly
Symbol file LoadedFromMemory is not a mono symbol file
Native extension for OSXStandalone target not found
Refreshing native plugins compatible for Editor in 0.31 ms, found 1 plugins.
Preloading 0 native plugins for Editor in 0.00 ms.
Invoked RoslynAnalysisRunner static constructor.
RoslynAnalysisRunner will not be running.
RoslynAnalysisRunner has terminated.
Mono: successfully reloaded assembly
- Completed reload, in  1.907 seconds
Platform modules already initialized, skipping
Refreshing native plugins compatible for Editor in 0.27 ms, found 1 plugins.
Preloading 0 native plugins for Editor in 0.00 ms.
Unloading 1137 Unused Serialized files (Serialized files now loaded: 0)
System memory in use before: 123.7 MB.
System memory in use after: 123.8 MB.

Unloading 24 unused Assets to reduce memory usage. Loaded Objects now: 1606.
Total: 1.366083 ms (FindLiveObjects: 0.103792 ms CreateObjectMapping: 0.024709 ms MarkObjects: 1.179083 ms  DeleteObjects: 0.057666 ms)

========================================================================
Received Prepare
Registering precompiled user dll's ...
Registered in 0.003348 seconds.
Begin MonoManager ReloadAssembly
Symbol file LoadedFromMemory is not a mono symbol file
Native extension for OSXStandalone target not found
Refreshing native plugins compatible for Editor in 0.38 ms, found 1 plugins.
Preloading 0 native plugins for Editor in 0.00 ms.
Invoked RoslynAnalysisRunner static constructor.
RoslynAnalysisRunner will not be running.
RoslynAnalysisRunner has terminated.
Mono: successfully reloaded assembly
- Completed reload, in  1.916 seconds
Platform modules already initialized, skipping
Refreshing native plugins compatible for Editor in 0.28 ms, found 1 plugins.
Preloading 0 native plugins for Editor in 0.00 ms.
Unloading 1138 Unused Serialized files (Serialized files now loaded: 0)
System memory in use before: 124.1 MB.
System memory in use after: 124.2 MB.

Unloading 24 unused Assets to reduce memory usage. Loaded Objects now: 1609.
Total: 1.546167 ms (FindLiveObjects: 0.173083 ms CreateObjectMapping: 0.033875 ms MarkObjects: 1.280625 ms  DeleteObjects: 0.057292 ms)

========================================================================
Received Prepare
Registering precompiled user dll's ...
Registered in 0.003123 seconds.
Begin MonoManager ReloadAssembly
Symbol file LoadedFromMemory is not a mono symbol file
Native extension for OSXStandalone target not found
Refreshing native plugins compatible for Editor in 0.32 ms, found 1 plugins.
Preloading 0 native plugins for Editor in 0.00 ms.
Invoked RoslynAnalysisRunner static constructor.
RoslynAnalysisRunner will not be running.
RoslynAnalysisRunner has terminated.
Mono: successfully reloaded assembly
- Completed reload, in  1.970 seconds
Platform modules already initialized, skipping
Refreshing native plugins compatible for Editor in 0.29 ms, found 1 plugins.
Preloading 0 native plugins for Editor in 0.00 ms.
Unloading 1138 Unused Serialized files (Serialized files now loaded: 0)
System memory in use before: 124.4 MB.
System memory in use after: 124.5 MB.

Unloading 24 unused Assets to reduce memory usage. Loaded Objects now: 1611.
Total: 1.581916 ms (FindLiveObjects: 0.121125 ms CreateObjectMapping: 0.024791 ms MarkObjects: 1.378333 ms  DeleteObjects: 0.056583 ms)

========================================================================
Received Import Request.
  Time since last request: 1789.160320 seconds.
  path: Assets/Scenes/SampleScene.unity
  artifactKey: Guid(9fc0d4010bbf28b4594072e72b8655ab) Importer(815301076,1909f56bfc062723c751e8b465ee728b)
Start importing Assets/Scenes/SampleScene.unity using Guid(9fc0d4010bbf28b4594072e72b8655ab) Importer(815301076,1909f56bfc062723c751e8b465ee728b)  -> (artifact id: '787766dfe0971844989d179f6240e75a') in 0.028349 seconds
  Import took 0.030830 seconds .

========================================================================
Received Import Request.
  Time since last request: 0.526196 seconds.
  path: Assets/Scenes/Menu.unity
  artifactKey: Guid(c9764072141de4fec9d1cadc2a14d986) Importer(815301076,1909f56bfc062723c751e8b465ee728b)
Start importing Assets/Scenes/Menu.unity using Guid(c9764072141de4fec9d1cadc2a14d986) Importer(815301076,1909f56bfc062723c751e8b465ee728b)  -> (artifact id: '7b7110e8f8bb91ccab1b84b85cab98db') in 0.002360 seconds
  Import took 0.005132 seconds .

========================================================================
Received Import Request.
  Time since last request: 11.028067 seconds.
  path: Assets/Scenes/Game.unity
  artifactKey: Guid(df6ed99fa2e754af08d23b659535f526) Importer(815301076,1909f56bfc062723c751e8b465ee728b)
Start importing Assets/Scenes/Game.unity using Guid(df6ed99fa2e754af08d23b659535f526) Importer(815301076,1909f56bfc062723c751e8b465ee728b)  -> (artifact id: '908dfa97fa8f1a43e4927c1ebe4bccf5') in 0.006155 seconds
  Import took 0.007731 seconds .

========================================================================
Received Import Request.
  Time since last request: 96.341004 seconds.
  path: Assets/New Material.mat
  artifactKey: Guid(f11651fb3f99e4032923ed028742a2c6) Importer(815301076,1909f56bfc062723c751e8b465ee728b)
Start importing Assets/New Material.mat using Guid(f11651fb3f99e4032923ed028742a2c6) Importer(815301076,1909f56bfc062723c751e8b465ee728b)  -> (artifact id: '5f0092b95e3754ffc2f63bc263a6f004') in 0.653729 seconds
  Import took 0.656147 seconds .

========================================================================
Received Import Request.
  Time since last request: 210.594090 seconds.
  path: Assets/GroundMat.mat
  artifactKey: Guid(f11651fb3f99e4032923ed028742a2c6) Importer(815301076,1909f56bfc062723c751e8b465ee728b)
Start importing Assets/GroundMat.mat using Guid(f11651fb3f99e4032923ed028742a2c6) Importer(815301076,1909f56bfc062723c751e8b465ee728b)  -> (artifact id: 'bf44597b646bcbd5af96a497e6d71620') in 0.017953 seconds
  Import took 0.019812 seconds .

========================================================================
Received Prepare
Registering precompiled user dll's ...
Registered in 0.003002 seconds.
Begin MonoManager ReloadAssembly
Symbol file LoadedFromMemory is not a mono symbol file
Native extension for OSXStandalone target not found
Refreshing native plugins compatible for Editor in 0.44 ms, found 1 plugins.
Preloading 0 native plugins for Editor in 0.00 ms.
Invoked RoslynAnalysisRunner static constructor.
RoslynAnalysisRunner will not be running.
RoslynAnalysisRunner has terminated.
Mono: successfully reloaded assembly
- Completed reload, in  2.106 seconds
Platform modules already initialized, skipping
Refreshing native plugins compatible for Editor in 0.29 ms, found 1 plugins.
Preloading 0 native plugins for Editor in 0.00 ms.
Unloading 1138 Unused Serialized files (Serialized files now loaded: 0)
System memory in use before: 133.4 MB.
System memory in use after: 133.5 MB.

Unloading 24 unused Assets to reduce memory usage. Loaded Objects now: 1655.
Total: 1.471583 ms (FindLiveObjects: 0.122625 ms CreateObjectMapping: 0.024958 ms MarkObjects: 1.266666 ms  DeleteObjects: 0.056167 ms)

========================================================================
Received Import Request.
  Time since last request: 49.553619 seconds.
  path: Assets/Cube.prefab
  artifactKey: Guid(11486ae3ff7694a3c8da92d23b7005ba) Importer(815301076,1909f56bfc062723c751e8b465ee728b)
Start importing Assets/Cube.prefab using Guid(11486ae3ff7694a3c8da92d23b7005ba) Importer(815301076,1909f56bfc062723c751e8b465ee728b)  -> (artifact id: '70873461d240ca3d3f45124b391b94af') in 0.373491 seconds
  Import took 0.375203 seconds .

========================================================================
Received Prepare
Registering precompiled user dll's ...
Registered in 0.001680 seconds.
Begin MonoManager ReloadAssembly
Symbol file LoadedFromMemory is not a mono symbol file
Native extension for OSXStandalone target not found
Refreshing native plugins compatible for Editor in 0.32 ms, found 1 plugins.
Preloading 0 native plugins for Editor in 0.00 ms.
Invoked RoslynAnalysisRunner static constructor.
RoslynAnalysisRunner will not be running.
RoslynAnalysisRunner has terminated.
Mono: successfully reloaded assembly
- Completed reload, in  1.766 seconds
Platform modules already initialized, skipping
Refreshing native plugins compatible for Editor in 0.22 ms, found 1 plugins.
Preloading 0 native plugins for Editor in 0.00 ms.
Unloading 1139 Unused Serialized files (Serialized files now loaded: 0)
System memory in use before: 138.0 MB.
System memory in use after: 138.1 MB.

Unloading 25 unused Assets to reduce memory usage. Loaded Objects now: 1660.
Total: 1.415500 ms (FindLiveObjects: 0.116166 ms CreateObjectMapping: 0.024792 ms MarkObjects: 1.212458 ms  DeleteObjects: 0.061250 ms)

========================================================================
Received Import Request.
  Time since last request: 94.604462 seconds.
  path: Assets/NetworkCallbacks.cs
  artifactKey: Guid(932c5f95ee35240559a4944a06e7234e) Importer(815301076,1909f56bfc062723c751e8b465ee728b)
Start importing Assets/NetworkCallbacks.cs using Guid(932c5f95ee35240559a4944a06e7234e) Importer(815301076,1909f56bfc062723c751e8b465ee728b)  -> (artifact id: 'eb9a9b3718ae8110082713ae39335d77') in 0.239098 seconds
  Import took 0.240727 seconds .

========================================================================
Received Import Request.
  Time since last request: 216.389375 seconds.
  path: Assets/NetworkCallbacks.cs
  artifactKey: Guid(932c5f95ee35240559a4944a06e7234e) Importer(815301076,1909f56bfc062723c751e8b465ee728b)
Start importing Assets/NetworkCallbacks.cs using Guid(932c5f95ee35240559a4944a06e7234e) Importer(815301076,1909f56bfc062723c751e8b465ee728b)  -> (artifact id: 'febbab148f5d9e2350dc420bb0b482c8') in 0.002885 seconds
  Import took 0.004667 seconds .

========================================================================
Received Import Request.
  Time since last request: 29.064050 seconds.
  path: Assets/NetworkCallbacks.cs
  artifactKey: Guid(932c5f95ee35240559a4944a06e7234e) Importer(815301076,1909f56bfc062723c751e8b465ee728b)
Start importing Assets/NetworkCallbacks.cs using Guid(932c5f95ee35240559a4944a06e7234e) Importer(815301076,1909f56bfc062723c751e8b465ee728b)  -> (artifact id: '0063f47016f062ea410958c1341b39cc') in 0.002239 seconds
  Import took 0.004160 seconds .

========================================================================
Received Prepare
Registering precompiled user dll's ...
Registered in 0.003439 seconds.
Begin MonoManager ReloadAssembly
Symbol file LoadedFromMemory is not a mono symbol file
Native extension for OSXStandalone target not found
Refreshing native plugins compatible for Editor in 0.29 ms, found 1 plugins.
Preloading 0 native plugins for Editor in 0.00 ms.
Invoked RoslynAnalysisRunner static constructor.
RoslynAnalysisRunner will not be running.
RoslynAnalysisRunner has terminated.
Mono: successfully reloaded assembly
- Completed reload, in  1.718 seconds
Platform modules already initialized, skipping
Refreshing native plugins compatible for Editor in 0.28 ms, found 1 plugins.
Preloading 0 native plugins for Editor in 0.00 ms.
Unloading 1139 Unused Serialized files (Serialized files now loaded: 0)
System memory in use before: 142.4 MB.
System memory in use after: 142.5 MB.

Unloading 24 unused Assets to reduce memory usage. Loaded Objects now: 1662.
Total: 1.253667 ms (FindLiveObjects: 0.088500 ms CreateObjectMapping: 0.023958 ms MarkObjects: 1.093125 ms  DeleteObjects: 0.047375 ms)

========================================================================
Received Import Request.
  Time since last request: 48.015712 seconds.
  path: Assets/NetworkCallbacks.cs
  artifactKey: Guid(932c5f95ee35240559a4944a06e7234e) Importer(815301076,1909f56bfc062723c751e8b465ee728b)
Start importing Assets/NetworkCallbacks.cs using Guid(932c5f95ee35240559a4944a06e7234e) Importer(815301076,1909f56bfc062723c751e8b465ee728b)  -> (artifact id: 'b1302b8be6db9828bfb3564500965cc8') in 0.004978 seconds
  Import took 0.006250 seconds .

========================================================================
Received Prepare
Registering precompiled user dll's ...
Registered in 0.003090 seconds.
Begin MonoManager ReloadAssembly
Symbol file LoadedFromMemory is not a mono symbol file
Native extension for OSXStandalone target not found
Refreshing native plugins compatible for Editor in 0.30 ms, found 1 plugins.
Preloading 0 native plugins for Editor in 0.00 ms.
Invoked RoslynAnalysisRunner static constructor.
RoslynAnalysisRunner will not be running.
RoslynAnalysisRunner has terminated.
Mono: successfully reloaded assembly
- Completed reload, in  1.718 seconds
Platform modules already initialized, skipping
Refreshing native plugins compatible for Editor in 0.21 ms, found 1 plugins.
Preloading 0 native plugins for Editor in 0.00 ms.
Unloading 1139 Unused Serialized files (Serialized files now loaded: 0)
System memory in use before: 142.9 MB.
System memory in use after: 142.9 MB.

Unloading 24 unused Assets to reduce memory usage. Loaded Objects now: 1664.
Total: 1.371375 ms (FindLiveObjects: 0.098584 ms CreateObjectMapping: 0.026250 ms MarkObjects: 1.197917 ms  DeleteObjects: 0.047916 ms)

========================================================================
Received Prepare
Registering precompiled user dll's ...
Registered in 0.006793 seconds.
Begin MonoManager ReloadAssembly
Symbol file LoadedFromMemory is not a mono symbol file
Native extension for OSXStandalone target not found
Refreshing native plugins compatible for Editor in 0.37 ms, found 1 plugins.
Preloading 0 native plugins for Editor in 0.00 ms.
Invoked RoslynAnalysisRunner static constructor.
RoslynAnalysisRunner will not be running.
RoslynAnalysisRunner has terminated.
Mono: successfully reloaded assembly
- Completed reload, in  1.777 seconds
Platform modules already initialized, skipping
Refreshing native plugins compatible for Editor in 0.27 ms, found 1 plugins.
Preloading 0 native plugins for Editor in 0.00 ms.
Unloading 1139 Unused Serialized files (Serialized files now loaded: 0)
System memory in use before: 143.2 MB.
System memory in use after: 143.3 MB.

Unloading 24 unused Assets to reduce memory usage. Loaded Objects now: 1666.
Total: 1.485625 ms (FindLiveObjects: 0.130917 ms CreateObjectMapping: 0.025625 ms MarkObjects: 1.271458 ms  DeleteObjects: 0.056834 ms)

========================================================================
Received Import Request.
  Time since last request: 245.109959 seconds.
  path: Assets/Scenes/Menu.unity
  artifactKey: Guid(c9764072141de4fec9d1cadc2a14d986) Importer(815301076,1909f56bfc062723c751e8b465ee728b)
Start importing Assets/Scenes/Menu.unity using Guid(c9764072141de4fec9d1cadc2a14d986) Importer(815301076,1909f56bfc062723c751e8b465ee728b)  -> (artifact id: '4b4c429e49c513967ad9e9ba533bd5dc') in 0.022108 seconds
  Import took 0.024756 seconds .

========================================================================
Received Import Request.
  Time since last request: 2.902728 seconds.
  path: Assets/Scenes/Game.unity
  artifactKey: Guid(df6ed99fa2e754af08d23b659535f526) Importer(815301076,1909f56bfc062723c751e8b465ee728b)
Start importing Assets/Scenes/Game.unity using Guid(df6ed99fa2e754af08d23b659535f526) Importer(815301076,1909f56bfc062723c751e8b465ee728b)  -> (artifact id: '91257a8045a07e65128f9d7d694757cf') in 0.001363 seconds
  Import took 0.003272 seconds .

========================================================================
Received Import Request.
  Time since last request: 25.594213 seconds.
  path: Assets/Cube.prefab
  artifactKey: Guid(11486ae3ff7694a3c8da92d23b7005ba) Importer(815301076,1909f56bfc062723c751e8b465ee728b)
Start importing Assets/Cube.prefab using Guid(11486ae3ff7694a3c8da92d23b7005ba) Importer(815301076,1909f56bfc062723c751e8b465ee728b)  -> (artifact id: '64704670a33e789d9d9f60ba74f47489') in 0.139916 seconds
  Import took 0.141624 seconds .

========================================================================
Received Import Request.
  Time since last request: 6.628015 seconds.
  path: Assets/Scenes/Game.unity
  artifactKey: Guid(df6ed99fa2e754af08d23b659535f526) Importer(815301076,1909f56bfc062723c751e8b465ee728b)
Start importing Assets/Scenes/Game.unity using Guid(df6ed99fa2e754af08d23b659535f526) Importer(815301076,1909f56bfc062723c751e8b465ee728b)  -> (artifact id: '5b11c6010fbb814c51bb408fd4bad75a') in 0.002334 seconds
  Import took 0.005185 seconds .

========================================================================
Received Import Request.
  Time since last request: 0.000842 seconds.
  path: Assets/Scenes/Game.unity
  artifactKey: Guid(df6ed99fa2e754af08d23b659535f526) Importer(815301076,1909f56bfc062723c751e8b465ee728b)
Start importing Assets/Scenes/Game.unity using Guid(df6ed99fa2e754af08d23b659535f526) Importer(815301076,1909f56bfc062723c751e8b465ee728b)  -> (artifact id: '5b11c6010fbb814c51bb408fd4bad75a') in 0.001427 seconds
  Import took 0.003779 seconds .

========================================================================
Received Prepare
Registering precompiled user dll's ...
Registered in 0.003164 seconds.
Begin MonoManager ReloadAssembly
Symbol file LoadedFromMemory is not a mono symbol file
Native extension for OSXStandalone target not found
Refreshing native plugins compatible for Editor in 0.29 ms, found 1 plugins.
Preloading 0 native plugins for Editor in 0.00 ms.
Invoked RoslynAnalysisRunner static constructor.
RoslynAnalysisRunner will not be running.
RoslynAnalysisRunner has terminated.
Mono: successfully reloaded assembly
- Completed reload, in  1.696 seconds
Platform modules already initialized, skipping
Refreshing native plugins compatible for Editor in 0.24 ms, found 1 plugins.
Preloading 0 native plugins for Editor in 0.00 ms.
Unloading 1139 Unused Serialized files (Serialized files now loaded: 0)
System memory in use before: 143.6 MB.
System memory in use after: 143.6 MB.

Unloading 25 unused Assets to reduce memory usage. Loaded Objects now: 1669.
Total: 1.345583 ms (FindLiveObjects: 0.106708 ms CreateObjectMapping: 0.025292 ms MarkObjects: 1.156833 ms  DeleteObjects: 0.055708 ms)

========================================================================
Received Prepare
Registering precompiled user dll's ...
Registered in 0.002910 seconds.
Begin MonoManager ReloadAssembly
Symbol file LoadedFromMemory is not a mono symbol file
Native extension for OSXStandalone target not found
Refreshing native plugins compatible for Editor in 0.29 ms, found 1 plugins.
Preloading 0 native plugins for Editor in 0.00 ms.
Invoked RoslynAnalysisRunner static constructor.
RoslynAnalysisRunner will not be running.
RoslynAnalysisRunner has terminated.
Mono: successfully reloaded assembly
- Completed reload, in  1.726 seconds
Platform modules already initialized, skipping
Refreshing native plugins compatible for Editor in 0.30 ms, found 1 plugins.
Preloading 0 native plugins for Editor in 0.00 ms.
Unloading 1139 Unused Serialized files (Serialized files now loaded: 0)
System memory in use before: 143.9 MB.
System memory in use after: 144.0 MB.

Unloading 24 unused Assets to reduce memory usage. Loaded Objects now: 1671.
Total: 1.820125 ms (FindLiveObjects: 0.224209 ms CreateObjectMapping: 0.027083 ms MarkObjects: 1.508708 ms  DeleteObjects: 0.059167 ms)

========================================================================
Received Prepare
Registering precompiled user dll's ...
Registered in 0.003209 seconds.
Begin MonoManager ReloadAssembly
Symbol file LoadedFromMemory is not a mono symbol file
Native extension for OSXStandalone target not found
Refreshing native plugins compatible for Editor in 0.31 ms, found 1 plugins.
Preloading 0 native plugins for Editor in 0.00 ms.
Invoked RoslynAnalysisRunner static constructor.
RoslynAnalysisRunner will not be running.
RoslynAnalysisRunner has terminated.
Mono: successfully reloaded assembly
- Completed reload, in  1.724 seconds
Platform modules already initialized, skipping
Refreshing native plugins compatible for Editor in 0.27 ms, found 1 plugins.
Preloading 0 native plugins for Editor in 0.00 ms.
Unloading 1139 Unused Serialized files (Serialized files now loaded: 0)
System memory in use before: 144.2 MB.
System memory in use after: 144.3 MB.

Unloading 24 unused Assets to reduce memory usage. Loaded Objects now: 1673.
Total: 1.422958 ms (FindLiveObjects: 0.181250 ms CreateObjectMapping: 0.024833 ms MarkObjects: 1.163541 ms  DeleteObjects: 0.052375 ms)

========================================================================
Received Prepare
Registering precompiled user dll's ...
Registered in 0.003180 seconds.
Begin MonoManager ReloadAssembly
Symbol file LoadedFromMemory is not a mono symbol file
Native extension for OSXStandalone target not found
Refreshing native plugins compatible for Editor in 0.30 ms, found 1 plugins.
Preloading 0 native plugins for Editor in 0.00 ms.
Invoked RoslynAnalysisRunner static constructor.
RoslynAnalysisRunner will not be running.
RoslynAnalysisRunner has terminated.
Mono: successfully reloaded assembly
- Completed reload, in  1.815 seconds
Platform modules already initialized, skipping
Refreshing native plugins compatible for Editor in 0.29 ms, found 1 plugins.
Preloading 0 native plugins for Editor in 0.00 ms.
Unloading 1139 Unused Serialized files (Serialized files now loaded: 0)
System memory in use before: 144.5 MB.
System memory in use after: 144.6 MB.

Unloading 24 unused Assets to reduce memory usage. Loaded Objects now: 1675.
Total: 1.467042 ms (FindLiveObjects: 0.125625 ms CreateObjectMapping: 0.025958 ms MarkObjects: 1.254667 ms  DeleteObjects: 0.059417 ms)

========================================================================
Received Prepare
Registering precompiled user dll's ...
Registered in 0.003415 seconds.
Begin MonoManager ReloadAssembly
Symbol file LoadedFromMemory is not a mono symbol file
Native extension for OSXStandalone target not found
Refreshing native plugins compatible for Editor in 0.40 ms, found 1 plugins.
Preloading 0 native plugins for Editor in 0.00 ms.
Invoked RoslynAnalysisRunner static constructor.
RoslynAnalysisRunner will not be running.
RoslynAnalysisRunner has terminated.
Mono: successfully reloaded assembly
- Completed reload, in  1.825 seconds
Platform modules already initialized, skipping
Refreshing native plugins compatible for Editor in 0.27 ms, found 1 plugins.
Preloading 0 native plugins for Editor in 0.00 ms.
Unloading 1139 Unused Serialized files (Serialized files now loaded: 0)
System memory in use before: 144.7 MB.
System memory in use after: 144.8 MB.

Unloading 24 unused Assets to reduce memory usage. Loaded Objects now: 1677.
Total: 1.488792 ms (FindLiveObjects: 0.124875 ms CreateObjectMapping: 0.026292 ms MarkObjects: 1.271667 ms  DeleteObjects: 0.065000 ms)

========================================================================
Received Prepare
Refreshing native plugins compatible for Editor in 1.90 ms, found 1 plugins.
Preloading 0 native plugins for Editor in 0.00 ms.
Unloading 21 Unused Serialized files (Serialized files now loaded: 0)
System memory in use before: 121.9 MB.
System memory in use after: 122.0 MB.

Unloading 21 unused Assets to reduce memory usage. Loaded Objects now: 1677.
Total: 1.309875 ms (FindLiveObjects: 0.108625 ms CreateObjectMapping: 0.024500 ms MarkObjects: 1.129208 ms  DeleteObjects: 0.046750 ms)

========================================================================
Received Prepare
Registering precompiled user dll's ...
Registered in 0.003138 seconds.
Begin MonoManager ReloadAssembly
Symbol file LoadedFromMemory is not a mono symbol file
Native extension for OSXStandalone target not found
Refreshing native plugins compatible for Editor in 0.47 ms, found 1 plugins.
Preloading 0 native plugins for Editor in 0.00 ms.
Invoked RoslynAnalysisRunner static constructor.
RoslynAnalysisRunner will not be running.
RoslynAnalysisRunner has terminated.
Mono: successfully reloaded assembly
- Completed reload, in  1.779 seconds
Platform modules already initialized, skipping
Refreshing native plugins compatible for Editor in 0.29 ms, found 1 plugins.
Preloading 0 native plugins for Editor in 0.00 ms.
Unloading 1139 Unused Serialized files (Serialized files now loaded: 0)
System memory in use before: 144.5 MB.
System memory in use after: 144.5 MB.

Unloading 24 unused Assets to reduce memory usage. Loaded Objects now: 1679.
Total: 2.742458 ms (FindLiveObjects: 0.214291 ms CreateObjectMapping: 0.028125 ms MarkObjects: 2.420208 ms  DeleteObjects: 0.078333 ms)

========================================================================
Received Prepare
Registering precompiled user dll's ...
Registered in 0.007022 seconds.
Begin MonoManager ReloadAssembly
Symbol file LoadedFromMemory is not a mono symbol file
Native extension for OSXStandalone target not found
Refreshing native plugins compatible for Editor in 0.30 ms, found 1 plugins.
Preloading 0 native plugins for Editor in 0.00 ms.
Invoked RoslynAnalysisRunner static constructor.
RoslynAnalysisRunner will not be running.
RoslynAnalysisRunner has terminated.
Mono: successfully reloaded assembly
- Completed reload, in  1.889 seconds
Platform modules already initialized, skipping
Refreshing native plugins compatible for Editor in 0.33 ms, found 1 plugins.
Preloading 0 native plugins for Editor in 0.00 ms.
Unloading 1139 Unused Serialized files (Serialized files now loaded: 0)
System memory in use before: 144.8 MB.
System memory in use after: 144.9 MB.

Unloading 24 unused Assets to reduce memory usage. Loaded Objects now: 1681.
Total: 2.705000 ms (FindLiveObjects: 0.419875 ms CreateObjectMapping: 0.039417 ms MarkObjects: 2.177250 ms  DeleteObjects: 0.066500 ms)

========================================================================
Received Prepare
Refreshing native plugins compatible for Editor in 2.62 ms, found 1 plugins.
Preloading 0 native plugins for Editor in 0.00 ms.
Unloading 21 Unused Serialized files (Serialized files now loaded: 0)
System memory in use before: 122.9 MB.
System memory in use after: 122.9 MB.

Unloading 21 unused Assets to reduce memory usage. Loaded Objects now: 1681.
Total: 1.494583 ms (FindLiveObjects: 0.159875 ms CreateObjectMapping: 0.025792 ms MarkObjects: 1.250166 ms  DeleteObjects: 0.057417 ms)

========================================================================
Received Prepare
Registering precompiled user dll's ...
Registered in 0.007405 seconds.
Begin MonoManager ReloadAssembly
Symbol file LoadedFromMemory is not a mono symbol file
Native extension for OSXStandalone target not found
Refreshing native plugins compatible for Editor in 0.30 ms, found 1 plugins.
Preloading 0 native plugins for Editor in 0.00 ms.
Invoked RoslynAnalysisRunner static constructor.
RoslynAnalysisRunner will not be running.
RoslynAnalysisRunner has terminated.
Mono: successfully reloaded assembly
- Completed reload, in  1.835 seconds
Platform modules already initialized, skipping
Refreshing native plugins compatible for Editor in 0.31 ms, found 1 plugins.
Preloading 0 native plugins for Editor in 0.00 ms.
Unloading 1139 Unused Serialized files (Serialized files now loaded: 0)
System memory in use before: 145.3 MB.
System memory in use after: 145.4 MB.

Unloading 24 unused Assets to reduce memory usage. Loaded Objects now: 1683.
Total: 1.366084 ms (FindLiveObjects: 0.107833 ms CreateObjectMapping: 0.024958 ms MarkObjects: 1.171416 ms  DeleteObjects: 0.061000 ms)

========================================================================
Received Prepare
Registering precompiled user dll's ...
Registered in 0.003368 seconds.
Begin MonoManager ReloadAssembly
Symbol file LoadedFromMemory is not a mono symbol file
Native extension for OSXStandalone target not found
Refreshing native plugins compatible for Editor in 0.29 ms, found 1 plugins.
Preloading 0 native plugins for Editor in 0.00 ms.
Invoked RoslynAnalysisRunner static constructor.
RoslynAnalysisRunner will not be running.
RoslynAnalysisRunner has terminated.
Mono: successfully reloaded assembly
- Completed reload, in  1.750 seconds
Platform modules already initialized, skipping
Refreshing native plugins compatible for Editor in 0.27 ms, found 1 plugins.
Preloading 0 native plugins for Editor in 0.00 ms.
Unloading 1139 Unused Serialized files (Serialized files now loaded: 0)
System memory in use before: 145.6 MB.
System memory in use after: 145.7 MB.

Unloading 24 unused Assets to reduce memory usage. Loaded Objects now: 1685.
Total: 1.419958 ms (FindLiveObjects: 0.148709 ms CreateObjectMapping: 0.024416 ms MarkObjects: 1.193917 ms  DeleteObjects: 0.052041 ms)

========================================================================
Received Prepare
Refreshing native plugins compatible for Editor in 1.85 ms, found 1 plugins.
Preloading 0 native plugins for Editor in 0.00 ms.
Unloading 21 Unused Serialized files (Serialized files now loaded: 0)
System memory in use before: 122.7 MB.
System memory in use after: 122.8 MB.

Unloading 21 unused Assets to reduce memory usage. Loaded Objects now: 1685.
Total: 1.424208 ms (FindLiveObjects: 0.118708 ms CreateObjectMapping: 0.025625 ms MarkObjects: 1.231708 ms  DeleteObjects: 0.047375 ms)

========================================================================
Received Prepare
Refreshing native plugins compatible for Editor in 1.80 ms, found 1 plugins.
Preloading 0 native plugins for Editor in 0.00 ms.
Unloading 21 Unused Serialized files (Serialized files now loaded: 0)
System memory in use before: 122.9 MB.
System memory in use after: 123.0 MB.

Unloading 21 unused Assets to reduce memory usage. Loaded Objects now: 1685.
Total: 1.599208 ms (FindLiveObjects: 0.139125 ms CreateObjectMapping: 0.024792 ms MarkObjects: 1.354584 ms  DeleteObjects: 0.079750 ms)

========================================================================
Received Prepare
Registering precompiled user dll's ...
Registered in 0.002912 seconds.
Begin MonoManager ReloadAssembly
Symbol file LoadedFromMemory is not a mono symbol file
Native extension for OSXStandalone target not found
Refreshing native plugins compatible for Editor in 0.29 ms, found 1 plugins.
Preloading 0 native plugins for Editor in 0.00 ms.
Invoked RoslynAnalysisRunner static constructor.
RoslynAnalysisRunner will not be running.
RoslynAnalysisRunner has terminated.
Mono: successfully reloaded assembly
- Completed reload, in  1.835 seconds
Platform modules already initialized, skipping
Refreshing native plugins compatible for Editor in 0.27 ms, found 1 plugins.
Preloading 0 native plugins for Editor in 0.00 ms.
Unloading 1139 Unused Serialized files (Serialized files now loaded: 0)
System memory in use before: 145.4 MB.
System memory in use after: 145.5 MB.

Unloading 24 unused Assets to reduce memory usage. Loaded Objects now: 1687.
Total: 1.458125 ms (FindLiveObjects: 0.138500 ms CreateObjectMapping: 0.026500 ms MarkObjects: 1.225500 ms  DeleteObjects: 0.066375 ms)

========================================================================
Received Prepare
Registering precompiled user dll's ...
Registered in 0.001932 seconds.
Begin MonoManager ReloadAssembly
Symbol file LoadedFromMemory is not a mono symbol file
Native extension for OSXStandalone target not found
Refreshing native plugins compatible for Editor in 0.29 ms, found 1 plugins.
Preloading 0 native plugins for Editor in 0.00 ms.
Invoked RoslynAnalysisRunner static constructor.
RoslynAnalysisRunner will not be running.
RoslynAnalysisRunner has terminated.
Mono: successfully reloaded assembly
- Completed reload, in  1.770 seconds
Platform modules already initialized, skipping
Refreshing native plugins compatible for Editor in 0.23 ms, found 1 plugins.
Preloading 0 native plugins for Editor in 0.00 ms.
Unloading 1139 Unused Serialized files (Serialized files now loaded: 0)
System memory in use before: 145.8 MB.
System memory in use after: 145.8 MB.

Unloading 24 unused Assets to reduce memory usage. Loaded Objects now: 1689.
Total: 1.440042 ms (FindLiveObjects: 0.141708 ms CreateObjectMapping: 0.027125 ms MarkObjects: 1.222875 ms  DeleteObjects: 0.047500 ms)

========================================================================
Received Prepare
Refreshing native plugins compatible for Editor in 1.74 ms, found 1 plugins.
Preloading 0 native plugins for Editor in 0.00 ms.
Unloading 21 Unused Serialized files (Serialized files now loaded: 0)
System memory in use before: 123.8 MB.
System memory in use after: 123.9 MB.

Unloading 21 unused Assets to reduce memory usage. Loaded Objects now: 1689.
Total: 1.584792 ms (FindLiveObjects: 0.206625 ms CreateObjectMapping: 0.032583 ms MarkObjects: 1.306666 ms  DeleteObjects: 0.038250 ms)

========================================================================
Received Prepare
Registering precompiled user dll's ...
Registered in 0.005013 seconds.
Begin MonoManager ReloadAssembly
Symbol file LoadedFromMemory is not a mono symbol file
Native extension for OSXStandalone target not found
Refreshing native plugins compatible for Editor in 0.29 ms, found 1 plugins.
Preloading 0 native plugins for Editor in 0.00 ms.
Invoked RoslynAnalysisRunner static constructor.
RoslynAnalysisRunner will not be running.
RoslynAnalysisRunner has terminated.
Mono: successfully reloaded assembly
- Completed reload, in  1.701 seconds
Platform modules already initialized, skipping
Refreshing native plugins compatible for Editor in 0.27 ms, found 1 plugins.
Preloading 0 native plugins for Editor in 0.00 ms.
Unloading 1139 Unused Serialized files (Serialized files now loaded: 0)
System memory in use before: 146.2 MB.
System memory in use after: 146.3 MB.

Unloading 24 unused Assets to reduce memory usage. Loaded Objects now: 1691.
Total: 1.368833 ms (FindLiveObjects: 0.107458 ms CreateObjectMapping: 0.024458 ms MarkObjects: 1.181000 ms  DeleteObjects: 0.054917 ms)

========================================================================
Received Prepare
Registering precompiled user dll's ...
Registered in 0.003453 seconds.
Begin MonoManager ReloadAssembly
Symbol file LoadedFromMemory is not a mono symbol file
Native extension for OSXStandalone target not found
Refreshing native plugins compatible for Editor in 0.28 ms, found 1 plugins.
Preloading 0 native plugins for Editor in 0.00 ms.
Invoked RoslynAnalysisRunner static constructor.
RoslynAnalysisRunner will not be running.
RoslynAnalysisRunner has terminated.
Mono: successfully reloaded assembly
- Completed reload, in  1.734 seconds
Platform modules already initialized, skipping
Refreshing native plugins compatible for Editor in 0.33 ms, found 1 plugins.
Preloading 0 native plugins for Editor in 0.00 ms.
Unloading 1139 Unused Serialized files (Serialized files now loaded: 0)
System memory in use before: 145.6 MB.
System memory in use after: 145.7 MB.

Unloading 24 unused Assets to reduce memory usage. Loaded Objects now: 1693.
Total: 1.382750 ms (FindLiveObjects: 0.125916 ms CreateObjectMapping: 0.024459 ms MarkObjects: 1.172792 ms  DeleteObjects: 0.058625 ms)

========================================================================
Received Prepare
Registering precompiled user dll's ...
Registered in 0.006956 seconds.
Begin MonoManager ReloadAssembly
Symbol file LoadedFromMemory is not a mono symbol file
Native extension for OSXStandalone target not found
Refreshing native plugins compatible for Editor in 0.28 ms, found 1 plugins.
Preloading 0 native plugins for Editor in 0.00 ms.
Invoked RoslynAnalysisRunner static constructor.
RoslynAnalysisRunner will not be running.
RoslynAnalysisRunner has terminated.
Mono: successfully reloaded assembly
- Completed reload, in  1.732 seconds
Platform modules already initialized, skipping
Refreshing native plugins compatible for Editor in 0.29 ms, found 1 plugins.
Preloading 0 native plugins for Editor in 0.00 ms.
Unloading 1139 Unused Serialized files (Serialized files now loaded: 0)
System memory in use before: 146.0 MB.
System memory in use after: 146.1 MB.

Unloading 24 unused Assets to reduce memory usage. Loaded Objects now: 1695.
Total: 1.359750 ms (FindLiveObjects: 0.129375 ms CreateObjectMapping: 0.025209 ms MarkObjects: 1.151334 ms  DeleteObjects: 0.052958 ms)

========================================================================
Received Prepare
Registering precompiled user dll's ...
Registered in 0.002851 seconds.
Begin MonoManager ReloadAssembly
Symbol file LoadedFromMemory is not a mono symbol file
Native extension for OSXStandalone target not found
Refreshing native plugins compatible for Editor in 0.32 ms, found 1 plugins.
Preloading 0 native plugins for Editor in 0.00 ms.
Invoked RoslynAnalysisRunner static constructor.
RoslynAnalysisRunner will not be running.
RoslynAnalysisRunner has terminated.
Mono: successfully reloaded assembly
- Completed reload, in  1.707 seconds
Platform modules already initialized, skipping
Refreshing native plugins compatible for Editor in 0.23 ms, found 1 plugins.
Preloading 0 native plugins for Editor in 0.00 ms.
Unloading 1139 Unused Serialized files (Serialized files now loaded: 0)
System memory in use before: 146.3 MB.
System memory in use after: 146.4 MB.

Unloading 24 unused Assets to reduce memory usage. Loaded Objects now: 1697.
Total: 1.289333 ms (FindLiveObjects: 0.083167 ms CreateObjectMapping: 0.023458 ms MarkObjects: 1.129250 ms  DeleteObjects: 0.052708 ms)

========================================================================
Received Prepare
Registering precompiled user dll's ...
Registered in 0.002946 seconds.
Begin MonoManager ReloadAssembly
Symbol file LoadedFromMemory is not a mono symbol file
Native extension for OSXStandalone target not found
Refreshing native plugins compatible for Editor in 0.29 ms, found 1 plugins.
Preloading 0 native plugins for Editor in 0.00 ms.
Invoked RoslynAnalysisRunner static constructor.
RoslynAnalysisRunner will not be running.
RoslynAnalysisRunner has terminated.
Mono: successfully reloaded assembly
- Completed reload, in  1.688 seconds
Platform modules already initialized, skipping
Refreshing native plugins compatible for Editor in 0.23 ms, found 1 plugins.
Preloading 0 native plugins for Editor in 0.00 ms.
Unloading 1139 Unused Serialized files (Serialized files now loaded: 0)
System memory in use before: 146.7 MB.
System memory in use after: 146.7 MB.

Unloading 24 unused Assets to reduce memory usage. Loaded Objects now: 1699.
Total: 1.381500 ms (FindLiveObjects: 0.091291 ms CreateObjectMapping: 0.026209 ms MarkObjects: 1.205666 ms  DeleteObjects: 0.057667 ms)

========================================================================
Received Prepare
Registering precompiled user dll's ...
Registered in 0.002981 seconds.
Begin MonoManager ReloadAssembly
Symbol file LoadedFromMemory is not a mono symbol file
Native extension for OSXStandalone target not found
Refreshing native plugins compatible for Editor in 0.31 ms, found 1 plugins.
Preloading 0 native plugins for Editor in 0.00 ms.
Invoked RoslynAnalysisRunner static constructor.
RoslynAnalysisRunner will not be running.
RoslynAnalysisRunner has terminated.
Mono: successfully reloaded assembly
- Completed reload, in  1.698 seconds
Platform modules already initialized, skipping
Refreshing native plugins compatible for Editor in 0.24 ms, found 1 plugins.
Preloading 0 native plugins for Editor in 0.00 ms.
Unloading 1139 Unused Serialized files (Serialized files now loaded: 0)
System memory in use before: 147.0 MB.
System memory in use after: 147.1 MB.

Unloading 24 unused Assets to reduce memory usage. Loaded Objects now: 1701.
Total: 1.413708 ms (FindLiveObjects: 0.091417 ms CreateObjectMapping: 0.026500 ms MarkObjects: 1.243541 ms  DeleteObjects: 0.051416 ms)

========================================================================
Received Prepare
Refreshing native plugins compatible for Editor in 3.78 ms, found 1 plugins.
Preloading 0 native plugins for Editor in 0.00 ms.
Unloading 21 Unused Serialized files (Serialized files now loaded: 0)
System memory in use before: 125.0 MB.
System memory in use after: 125.0 MB.

Unloading 21 unused Assets to reduce memory usage. Loaded Objects now: 1701.
Total: 1.430709 ms (FindLiveObjects: 0.110958 ms CreateObjectMapping: 0.025042 ms MarkObjects: 1.248916 ms  DeleteObjects: 0.045167 ms)

========================================================================
Received Import Request.
  Time since last request: 2412.178723 seconds.
  path: Assets/Scenes/Menu.unity
  artifactKey: Guid(c9764072141de4fec9d1cadc2a14d986) Importer(815301076,1909f56bfc062723c751e8b465ee728b)
Start importing Assets/Scenes/Menu.unity using Guid(c9764072141de4fec9d1cadc2a14d986) Importer(815301076,1909f56bfc062723c751e8b465ee728b)  -> (artifact id: 'a69ff2bf917a458825e2b570f3070e97') in 0.016801 seconds
  Import took 0.019096 seconds .

========================================================================
Received Import Request.
  Time since last request: 0.034966 seconds.
  path: Assets/Scenes/Menu.unity
  artifactKey: Guid(c9764072141de4fec9d1cadc2a14d986) Importer(815301076,1909f56bfc062723c751e8b465ee728b)
Start importing Assets/Scenes/Menu.unity using Guid(c9764072141de4fec9d1cadc2a14d986) Importer(815301076,1909f56bfc062723c751e8b465ee728b)  -> (artifact id: 'a69ff2bf917a458825e2b570f3070e97') in 0.001102 seconds
  Import took 0.002588 seconds .

========================================================================
Received Prepare
Registering precompiled user dll's ...
Registered in 0.003324 seconds.
Begin MonoManager ReloadAssembly
Symbol file LoadedFromMemory is not a mono symbol file
Native extension for OSXStandalone target not found
Refreshing native plugins compatible for Editor in 0.29 ms, found 1 plugins.
Preloading 0 native plugins for Editor in 0.00 ms.
Invoked RoslynAnalysisRunner static constructor.
RoslynAnalysisRunner will not be running.
RoslynAnalysisRunner has terminated.
Mono: successfully reloaded assembly
- Completed reload, in  1.691 seconds
Platform modules already initialized, skipping
Refreshing native plugins compatible for Editor in 0.25 ms, found 1 plugins.
Preloading 0 native plugins for Editor in 0.00 ms.
Unloading 1139 Unused Serialized files (Serialized files now loaded: 0)
System memory in use before: 146.5 MB.
System memory in use after: 146.6 MB.

Unloading 24 unused Assets to reduce memory usage. Loaded Objects now: 1703.
Total: 1.432042 ms (FindLiveObjects: 0.104208 ms CreateObjectMapping: 0.026917 ms MarkObjects: 1.249625 ms  DeleteObjects: 0.050542 ms)

========================================================================
Received Prepare
Registering precompiled user dll's ...
Registered in 0.001700 seconds.
Begin MonoManager ReloadAssembly
Symbol file LoadedFromMemory is not a mono symbol file
Native extension for OSXStandalone target not found
Refreshing native plugins compatible for Editor in 0.30 ms, found 1 plugins.
Preloading 0 native plugins for Editor in 0.00 ms.
Invoked RoslynAnalysisRunner static constructor.
RoslynAnalysisRunner will not be running.
RoslynAnalysisRunner has terminated.
Mono: successfully reloaded assembly
- Completed reload, in  1.822 seconds
Platform modules already initialized, skipping
Refreshing native plugins compatible for Editor in 0.26 ms, found 1 plugins.
Preloading 0 native plugins for Editor in 0.00 ms.
Unloading 1139 Unused Serialized files (Serialized files now loaded: 0)
System memory in use before: 146.9 MB.
System memory in use after: 147.0 MB.

Unloading 24 unused Assets to reduce memory usage. Loaded Objects now: 1705.
Total: 1.529083 ms (FindLiveObjects: 0.130292 ms CreateObjectMapping: 0.025292 ms MarkObjects: 1.315083 ms  DeleteObjects: 0.057333 ms)

